<!DOCTYPE suite SYSTEM "https://testng.org/testng-1.0.dtd" >
<suite name ="Nish"> 
<test name ="testing">
<classes>
<class name ="com.teampulse.testCases.LoginTestCse1 "/> 

 <class name ="com.teampulse.testCases.SettingPageTestCase2"/> 

</classes>
</test>
</suite>